2025-03-23 11:41:17,213 - INFO - Text is initializing...
2025-03-23 11:41:17,461 - INFO - Detected language: russian
2025-03-23 11:41:17,462 - INFO - Text is initialized with parameters: delete_punctuation_mode=string, text_normalization_method=lemma
2025-03-23 11:41:17,462 - INFO - Text has been converted to lower case.
2025-03-23 11:41:17,462 - INFO - Punctuation are being deleting...
2025-03-23 11:41:17,463 - INFO - Punctuation has been deleted.
2025-03-23 11:41:17,464 - INFO - Stop words are being removed...
2025-03-23 11:41:17,476 - INFO - Stop words have been removed.
2025-03-23 11:41:17,477 - INFO - Lemmatizaion is being performed...
2025-03-23 11:41:36,300 - INFO - Lemmatization has been performed.
2025-03-23 11:41:36,301 - INFO - Text preprocessing is done!
2025-03-23 11:41:36,302 - INFO - BagOfWords class is initialized
2025-03-23 11:41:36,302 - INFO - Creating bag of words using sklearn...
2025-03-23 11:41:36,306 - INFO - Bag of words created with 29 unique words using sklearn
2025-03-23 11:41:36,314 - INFO - Text is initializing...
2025-03-23 11:41:36,316 - INFO - Detected language: english
2025-03-23 11:41:36,317 - INFO - Text is initialized with parameters: delete_punctuation_mode=string, text_normalization_method=lemma
2025-03-23 11:41:36,317 - INFO - Text has been converted to lower case.
2025-03-23 11:41:36,318 - INFO - Punctuation are being deleting...
2025-03-23 11:41:36,318 - INFO - Punctuation has been deleted.
2025-03-23 11:41:36,320 - INFO - Stop words are being removed...
2025-03-23 11:41:36,332 - INFO - Stop words have been removed.
2025-03-23 11:41:36,333 - INFO - Lemmatizaion is being performed...
2025-03-23 11:41:38,421 - INFO - Lemmatization has been performed.
2025-03-23 11:41:38,422 - INFO - Text preprocessing is done!
2025-03-23 11:42:27,137 - INFO - Text is initializing...
2025-03-23 11:42:27,141 - INFO - Detected language: russian
2025-03-23 11:42:27,141 - INFO - Text is initialized with parameters: delete_punctuation_mode=string, text_normalization_method=lemma
2025-03-23 11:42:27,143 - INFO - Text has been converted to lower case.
2025-03-23 11:42:27,143 - INFO - Punctuation are being deleting...
2025-03-23 11:42:27,144 - INFO - Punctuation has been deleted.
2025-03-23 11:42:27,144 - INFO - Stop words are being removed...
2025-03-23 11:42:27,145 - INFO - Stop words have been removed.
2025-03-23 11:42:27,145 - INFO - Lemmatizaion is being performed...
2025-03-23 11:42:44,918 - INFO - Lemmatization has been performed.
2025-03-23 11:42:44,918 - INFO - Text preprocessing is done!
2025-03-23 11:42:44,919 - INFO - BagOfWords class is initialized
2025-03-23 11:42:44,919 - INFO - Creating bag of words using sklearn...
2025-03-23 11:42:44,920 - INFO - Bag of words created with 29 unique words using sklearn
