2025-03-23 11:48:19,382 - INFO - Text is initializing...
2025-03-23 11:48:19,386 - INFO - Detected language: russian
2025-03-23 11:48:19,387 - INFO - Text is initialized with parameters: delete_punctuation_mode=string, text_normalization_method=lemma
2025-03-23 11:48:19,388 - INFO - Text has been converted to lower case.
2025-03-23 11:48:19,389 - INFO - Punctuation are being deleting...
2025-03-23 11:48:19,390 - INFO - Punctuation has been deleted.
2025-03-23 11:48:19,391 - INFO - Stop words are being removed...
2025-03-23 11:48:19,393 - INFO - Stop words have been removed.
2025-03-23 11:48:19,394 - INFO - Lemmatizaion is being performed...
2025-03-23 11:48:37,333 - INFO - Lemmatization has been performed.
2025-03-23 11:48:37,340 - INFO - Text preprocessing is done!
2025-03-23 11:48:37,340 - INFO - BagOfWords class is initialized
2025-03-23 11:48:37,341 - INFO - Creating bag of words using sklearn...
2025-03-23 11:48:37,342 - INFO - Bag of words created with 29 unique words using sklearn
2025-03-23 11:48:37,351 - INFO - Text is initializing...
2025-03-23 11:48:37,354 - INFO - Detected language: english
2025-03-23 11:48:37,354 - INFO - Text is initialized with parameters: delete_punctuation_mode=string, text_normalization_method=lemma
2025-03-23 11:48:37,355 - INFO - Text has been converted to lower case.
2025-03-23 11:48:37,356 - INFO - Punctuation are being deleting...
2025-03-23 11:48:37,357 - INFO - Punctuation has been deleted.
2025-03-23 11:48:37,357 - INFO - Stop words are being removed...
2025-03-23 11:48:37,358 - INFO - Stop words have been removed.
2025-03-23 11:48:37,359 - INFO - Lemmatizaion is being performed...
2025-03-23 11:48:37,360 - INFO - Lemmatization has been performed.
2025-03-23 11:48:37,361 - INFO - Text preprocessing is done!
2025-03-23 11:52:09,776 - INFO - BagOfWords class is initialized
2025-03-23 11:52:09,777 - INFO - Creating bag of words using sklearn...
2025-03-23 11:52:30,392 - INFO - Text is initializing...
2025-03-23 11:52:30,395 - INFO - Detected language: russian
2025-03-23 11:52:30,397 - INFO - Text is initialized with parameters: delete_punctuation_mode=string, text_normalization_method=lemma
2025-03-23 11:52:30,397 - INFO - Text has been converted to lower case.
2025-03-23 11:52:30,397 - INFO - Punctuation are being deleting...
2025-03-23 11:52:30,398 - INFO - Punctuation has been deleted.
2025-03-23 11:52:30,398 - INFO - Stop words are being removed...
2025-03-23 11:52:30,399 - INFO - Stop words have been removed.
2025-03-23 11:52:30,399 - INFO - Lemmatizaion is being performed...
2025-03-23 11:52:48,621 - INFO - Lemmatization has been performed.
2025-03-23 11:52:48,621 - INFO - Text preprocessing is done!
2025-03-23 12:07:34,766 - INFO - BagOfWords class is initialized
2025-03-23 12:07:34,766 - INFO - Creating bag of words using sklearn...
2025-03-23 12:07:34,768 - INFO - Bag of words created with 29 unique words using sklearn
2025-03-23 12:10:16,769 - INFO - BagOfWords class is initialized
2025-03-23 12:10:16,770 - INFO - Creating bag of words using sklearn...
2025-03-23 12:10:46,913 - INFO - BagOfWords class is initialized
2025-03-23 12:10:46,914 - INFO - Creating bag of words using sklearn...
2025-03-23 12:10:58,802 - INFO - Text is initializing...
2025-03-23 12:10:58,805 - INFO - Detected language: russian
2025-03-23 12:10:58,806 - INFO - Text is initialized with parameters: delete_punctuation_mode=string, text_normalization_method=lemma
2025-03-23 12:10:58,806 - INFO - Text has been converted to lower case.
2025-03-23 12:10:58,807 - INFO - Punctuation are being deleting...
2025-03-23 12:10:58,807 - INFO - Punctuation has been deleted.
2025-03-23 12:10:58,808 - INFO - Stop words are being removed...
2025-03-23 12:10:58,816 - INFO - Stop words have been removed.
2025-03-23 12:10:58,817 - INFO - Lemmatizaion is being performed...
2025-03-23 12:11:16,852 - INFO - Lemmatization has been performed.
2025-03-23 12:11:16,853 - INFO - Text preprocessing is done!
2025-03-23 12:11:18,569 - INFO - BagOfWords class is initialized
2025-03-23 12:11:18,570 - INFO - Creating bag of words using sklearn...
2025-03-23 12:11:18,572 - INFO - Bag of words created with 29 unique words using sklearn
2025-03-23 12:15:26,189 - INFO - BagOfWords class is initialized
2025-03-23 12:15:26,189 - INFO - Creating bag of words using sklearn...
2025-03-23 12:17:41,309 - INFO - BagOfWords class is initialized
2025-03-23 12:17:41,310 - WARNING - Input is already a dictionary, not a text string
2025-03-23 12:17:41,310 - INFO - Creating bag of words using sklearn...
2025-03-23 12:17:41,312 - INFO - Bag of words created with 29 unique words using sklearn
2025-03-23 12:18:11,536 - INFO - BagOfWords class is initialized
2025-03-23 12:18:11,536 - WARNING - Input is already a dictionary, not a text string
2025-03-23 12:18:11,538 - INFO - Creating bag of words using sklearn...
2025-03-23 12:18:11,540 - INFO - Bag of words created with 29 unique words using sklearn
