2025-03-23 12:18:48,629 - INFO - Text is initializing...
2025-03-23 12:18:48,633 - INFO - Detected language: russian
2025-03-23 12:18:48,635 - INFO - Text is initialized with parameters: delete_punctuation_mode=string, text_normalization_method=lemma
2025-03-23 12:18:48,635 - INFO - Text has been converted to lower case.
2025-03-23 12:18:48,636 - INFO - Punctuation are being deleting...
2025-03-23 12:18:48,637 - INFO - Punctuation has been deleted.
2025-03-23 12:18:48,638 - INFO - Stop words are being removed...
2025-03-23 12:18:48,640 - INFO - Stop words have been removed.
2025-03-23 12:18:48,640 - INFO - Lemmatizaion is being performed...
2025-03-23 12:19:06,251 - INFO - Lemmatization has been performed.
2025-03-23 12:19:06,258 - INFO - Text preprocessing is done!
2025-03-23 12:19:06,264 - INFO - BagOfWords class is initialized
2025-03-23 12:19:06,264 - INFO - Creating bag of words using sklearn...
2025-03-23 12:19:06,267 - INFO - Bag of words created with 29 unique words using sklearn
2025-03-23 12:19:06,272 - INFO - Text is initializing...
2025-03-23 12:19:06,276 - INFO - Detected language: english
2025-03-23 12:19:06,276 - INFO - Text is initialized with parameters: delete_punctuation_mode=string, text_normalization_method=lemma
2025-03-23 12:19:06,277 - INFO - Text has been converted to lower case.
2025-03-23 12:19:06,278 - INFO - Punctuation are being deleting...
2025-03-23 12:19:06,279 - INFO - Punctuation has been deleted.
2025-03-23 12:19:06,280 - INFO - Stop words are being removed...
2025-03-23 12:19:06,288 - INFO - Stop words have been removed.
2025-03-23 12:19:06,289 - INFO - Lemmatizaion is being performed...
2025-03-23 12:19:06,290 - INFO - Lemmatization has been performed.
2025-03-23 12:19:06,291 - INFO - Text preprocessing is done!
2025-03-23 12:21:24,892 - INFO - BagOfWords class is initialized
2025-03-23 12:21:24,894 - WARNING - Input is already a dictionary, not a text string
2025-03-23 12:21:24,894 - INFO - Creating bag of words using sklearn...
2025-03-23 12:21:24,896 - INFO - Bag of words created with 29 unique words using sklearn
