2025-03-24 19:05:48,527 - INFO - Text is initializing...
2025-03-24 19:05:48,831 - INFO - Detected language: russian
2025-03-24 19:05:48,832 - INFO - Text is initialized with parameters: delete_punctuation_mode=string, text_normalization_method=lemma
2025-03-24 19:05:48,833 - INFO - Text has been converted to lower case.
2025-03-24 19:05:48,833 - INFO - Punctuation are being deleting...
2025-03-24 19:05:48,834 - INFO - Punctuation has been deleted.
2025-03-24 19:05:48,834 - INFO - Stop words are being removed...
2025-03-24 19:05:48,853 - INFO - Stop words have been removed.
2025-03-24 19:05:48,853 - INFO - Lemmatizaion is being performed...
2025-03-24 19:06:07,308 - INFO - Lemmatization has been performed.
2025-03-24 19:06:07,310 - INFO - Text preprocessing is done!
2025-03-24 19:06:07,317 - INFO - BagOfWords class is initialized
2025-03-24 19:06:07,317 - INFO - Creating bag of words using sklearn...
2025-03-24 19:06:07,322 - INFO - Bag of words created with 29 unique words using sklearn
2025-03-24 19:06:07,323 - INFO - NGrams class is initialized
2025-03-24 19:06:07,324 - INFO - Creating 2-grams...
2025-03-24 19:06:07,324 - INFO - 2-grams created with 32 unique 2-grams
2025-03-24 19:06:07,333 - INFO - Text is initializing...
2025-03-24 19:06:07,336 - INFO - Detected language: english
2025-03-24 19:06:07,337 - INFO - Text is initialized with parameters: delete_punctuation_mode=string, text_normalization_method=lemma
2025-03-24 19:06:07,338 - INFO - Text has been converted to lower case.
2025-03-24 19:06:07,338 - INFO - Punctuation are being deleting...
2025-03-24 19:06:07,339 - INFO - Punctuation has been deleted.
2025-03-24 19:06:07,339 - INFO - Stop words are being removed...
2025-03-24 19:06:07,349 - INFO - Stop words have been removed.
2025-03-24 19:06:07,350 - INFO - Lemmatizaion is being performed...
2025-03-24 19:06:09,361 - INFO - Lemmatization has been performed.
2025-03-24 19:06:09,361 - INFO - Text preprocessing is done!
