2025-03-24 19:14:42,538 - INFO - Reading text from file: D:/Projects/SvetlanaDmitrievna/lab3_ii/russian_text.txt
2025-03-24 19:14:42,571 - INFO - Successfully read 4673 chars from file.
2025-03-24 19:14:42,572 - INFO - Text is initializing...
2025-03-24 19:14:42,585 - INFO - Detected language: russian
2025-03-24 19:14:42,586 - INFO - Text is initialized with parameters: delete_punctuation_mode=string, text_normalization_method=lemma
2025-03-24 19:14:42,587 - INFO - Text has been converted to lower case.
2025-03-24 19:14:42,588 - INFO - Punctuation are being deleting...
2025-03-24 19:14:42,589 - INFO - Punctuation has been deleted.
2025-03-24 19:14:42,590 - INFO - Stop words are being removed...
2025-03-24 19:14:42,592 - INFO - Stop words have been removed.
2025-03-24 19:14:42,592 - INFO - Lemmatizaion is being performed...
2025-03-24 19:18:45,795 - INFO - Lemmatization has been performed.
2025-03-24 19:18:45,797 - INFO - Text preprocessing is done!
2025-03-24 19:18:45,806 - INFO - BagOfWords class is initialized
2025-03-24 19:18:45,807 - INFO - Creating bag of words using sklearn...
2025-03-24 19:18:45,811 - INFO - Bag of words created with 283 unique words using sklearn
2025-03-24 19:18:45,812 - INFO - NGrams class is initialized
2025-03-24 19:18:45,813 - INFO - Creating 2-grams...
2025-03-24 19:18:45,814 - INFO - 2-grams created with 428 unique 2-grams
2025-03-24 19:18:45,823 - INFO - Text is initializing...
2025-03-24 19:18:45,827 - INFO - Detected language: english
2025-03-24 19:18:45,828 - INFO - Text is initialized with parameters: delete_punctuation_mode=string, text_normalization_method=lemma
2025-03-24 19:18:45,829 - INFO - Text has been converted to lower case.
2025-03-24 19:18:45,830 - INFO - Punctuation are being deleting...
2025-03-24 19:18:45,830 - INFO - Punctuation has been deleted.
2025-03-24 19:18:45,831 - INFO - Stop words are being removed...
2025-03-24 19:18:45,835 - INFO - Stop words have been removed.
2025-03-24 19:18:45,836 - INFO - Lemmatizaion is being performed...
2025-03-24 19:18:45,837 - INFO - Lemmatization has been performed.
2025-03-24 19:18:45,837 - INFO - Text preprocessing is done!
