2025-03-24 19:28:27,634 - INFO - Reading text from file: D:/Projects/SvetlanaDmitrievna/lab3_ii/texts/russian_text.txt
2025-03-24 19:28:27,636 - INFO - Successfully read 4673 chars from file.
2025-03-24 19:28:27,637 - INFO - Text is initializing...
2025-03-24 19:28:27,650 - INFO - Detected language: russian
2025-03-24 19:28:27,651 - INFO - Text is initialized with parameters: delete_punctuation_mode=string, text_normalization_method=lemma
2025-03-24 19:28:27,652 - INFO - Text has been converted to lower case.
2025-03-24 19:28:27,653 - INFO - Punctuation are being deleting...
2025-03-24 19:28:27,653 - INFO - Punctuation has been deleted.
2025-03-24 19:28:27,655 - INFO - Stop words are being removed...
2025-03-24 19:28:27,658 - INFO - Stop words have been removed.
2025-03-24 19:28:27,659 - INFO - Lemmatizaion is being performed...
2025-03-24 19:32:33,633 - INFO - Lemmatization has been performed.
2025-03-24 19:32:33,633 - INFO - Text preprocessing is done!
2025-03-24 19:32:33,634 - INFO - Transmitted preprocessed text with 3413 chars.
2025-03-24 19:32:33,635 - INFO - Text successfully was written to D:/Projects/SvetlanaDmitrievna/lab3_ii/texts/russian_text.txt
2025-03-24 19:32:33,700 - INFO - BagOfWords class is initialized
2025-03-24 19:32:33,701 - INFO - Creating bag of words using sklearn...
2025-03-24 19:32:33,706 - INFO - Bag of words created with 283 unique words using sklearn
2025-03-24 19:32:33,707 - INFO - NGrams class is initialized
2025-03-24 19:32:33,707 - INFO - Creating 2-grams...
2025-03-24 19:32:33,707 - INFO - 2-grams created with 428 unique 2-grams
2025-03-24 19:32:33,716 - INFO - Text is initializing...
2025-03-24 19:32:33,719 - INFO - Detected language: english
2025-03-24 19:32:33,720 - INFO - Text is initialized with parameters: delete_punctuation_mode=string, text_normalization_method=lemma
2025-03-24 19:32:33,721 - INFO - Text has been converted to lower case.
2025-03-24 19:32:33,722 - INFO - Punctuation are being deleting...
2025-03-24 19:32:33,723 - INFO - Punctuation has been deleted.
2025-03-24 19:32:33,723 - INFO - Stop words are being removed...
2025-03-24 19:32:33,725 - INFO - Stop words have been removed.
2025-03-24 19:32:33,725 - INFO - Lemmatizaion is being performed...
2025-03-24 19:32:33,727 - INFO - Lemmatization has been performed.
2025-03-24 19:32:33,727 - INFO - Text preprocessing is done!
2025-03-24 19:33:39,853 - INFO - BagOfWords class is initialized
2025-03-24 19:33:39,853 - INFO - Creating bag of words using sklearn...
2025-03-24 19:33:39,857 - INFO - Bag of words created with 283 unique words using sklearn
2025-03-24 19:33:39,858 - INFO - NGrams class is initialized
2025-03-24 19:33:39,859 - INFO - Creating 2-grams...
2025-03-24 19:33:39,860 - INFO - 2-grams created with 428 unique 2-grams
2025-03-24 19:34:35,974 - INFO - Reading text from file: D:/Projects/SvetlanaDmitrievna/lab3_ii/texts/russian_text.txt
2025-03-24 19:34:35,975 - INFO - Successfully read 3413 chars from file.
2025-03-24 19:34:35,976 - INFO - Text is initializing...
2025-03-24 19:34:35,988 - INFO - Detected language: russian
2025-03-24 19:34:35,989 - INFO - Text is initialized with parameters: delete_punctuation_mode=string, text_normalization_method=lemma
2025-03-24 19:34:35,990 - INFO - Text has been converted to lower case.
2025-03-24 19:34:35,991 - INFO - Punctuation are being deleting...
2025-03-24 19:34:35,991 - INFO - Punctuation has been deleted.
2025-03-24 19:34:35,992 - INFO - Stop words are being removed...
2025-03-24 19:34:35,993 - INFO - Stop words have been removed.
2025-03-24 19:34:35,993 - INFO - Lemmatizaion is being performed...
2025-03-24 19:38:32,647 - INFO - Lemmatization has been performed.
2025-03-24 19:38:32,647 - INFO - Text preprocessing is done!
2025-03-24 19:38:32,828 - INFO - Transmitted preprocessed text with 3352 chars.
2025-03-24 19:38:32,829 - INFO - Text successfully was written to D:/Projects/SvetlanaDmitrievna/lab3_ii/texts/russian_text.txt
2025-03-24 19:38:32,836 - INFO - BagOfWords class is initialized
2025-03-24 19:38:32,836 - INFO - Creating bag of words using sklearn...
2025-03-24 19:38:32,839 - INFO - Bag of words created with 277 unique words using sklearn
2025-03-24 19:38:32,840 - INFO - NGrams class is initialized
2025-03-24 19:38:32,840 - INFO - Creating 2-grams...
2025-03-24 19:38:32,841 - INFO - 2-grams created with 417 unique 2-grams
2025-03-24 19:44:02,148 - INFO - Transmitted preprocessed text with 3352 chars.
2025-03-24 19:44:02,150 - INFO - Text successfully was written to D:/Projects/SvetlanaDmitrievna/lab3_ii/texts/russian_text.txt
2025-03-24 19:44:33,399 - INFO - Transmitted preprocessed text with 3352 chars.
2025-03-24 19:44:33,400 - INFO - Text successfully was written to D:/Projects/SvetlanaDmitrievna/lab3_ii/texts/russian_text.txt
