2025-03-26 21:18:54,369 - INFO - Reading text from file: D:/Projects/SvetlanaDmitrievna/lab3_ii/texts/test_text.txt
2025-03-26 21:18:54,376 - INFO - Successfully read 554 chars from file.
2025-03-26 21:18:54,377 - INFO - Text is initializing...
2025-03-26 21:18:54,379 - INFO - Detected language: english
2025-03-26 21:18:54,380 - INFO - Text is initialized with parameters: delete_punctuation_mode=string, text_normalization_method=lemma
2025-03-26 21:18:54,381 - INFO - Text has been converted to lower case.
2025-03-26 21:18:54,381 - INFO - Correction of typos initiated...
2025-03-26 21:18:56,590 - INFO - Correction of typos initiated...
2025-03-26 21:18:56,592 - INFO - Converting numbers to words...
2025-03-26 21:18:56,598 - INFO - Numbers have been converted to words.
2025-03-26 21:18:56,598 - INFO - Text preprocessing is done!
2025-03-26 21:18:56,605 - INFO - Transmitted preprocessed text with 575 chars.
2025-03-26 21:18:56,606 - INFO - Text successfully was written to D:/Projects/SvetlanaDmitrievna/lab3_ii/texts/output_russian.txt
2025-03-26 21:18:56,613 - INFO - BagOfWords class is initialized
2025-03-26 21:18:56,614 - INFO - Creating bag of words using sklearn...
2025-03-26 21:18:56,615 - INFO - Bag of words created with 70 unique words using sklearn
2025-03-26 21:18:56,616 - INFO - NGrams class is initialized
2025-03-26 21:18:56,617 - INFO - Creating 2-grams...
2025-03-26 21:18:56,618 - INFO - 2-grams created with 102 unique 2-grams
2025-03-26 21:18:56,618 - INFO - NGrams class is initialized
2025-03-26 21:18:56,619 - INFO - Creating 4-grams...
2025-03-26 21:18:56,619 - INFO - 4-grams created with 105 unique 4-grams
2025-03-26 21:18:56,625 - INFO - Reading text from file: D:/Projects/SvetlanaDmitrievna/lab3_ii/texts/english_text.txt
2025-03-26 21:18:56,627 - INFO - Successfully read 1481 chars from file.
2025-03-26 21:18:56,628 - INFO - Text is initializing...
2025-03-26 21:18:56,632 - INFO - Detected language: english
2025-03-26 21:18:56,633 - INFO - Text is initialized with parameters: delete_punctuation_mode=string, text_normalization_method=lemma
2025-03-26 21:18:56,633 - INFO - Text has been converted to lower case.
2025-03-26 21:18:56,634 - INFO - Correction of typos initiated...
2025-03-26 21:18:57,225 - ERROR - Typos correction error: sequence item 13: expected str instance, NoneType found
2025-03-26 21:18:57,228 - INFO - Converting numbers to words...
2025-03-26 21:18:57,229 - INFO - Numbers have been converted to words.
2025-03-26 21:18:57,229 - INFO - Text preprocessing is done!
2025-03-26 21:18:57,237 - INFO - Transmitted preprocessed text with 1481 chars.
2025-03-26 21:18:57,238 - INFO - Text successfully was written to D:/Projects/SvetlanaDmitrievna/lab3_ii/texts/english_text.txt
2025-03-26 21:18:57,246 - INFO - BagOfWords class is initialized
2025-03-26 21:18:57,246 - INFO - Creating bag of words using sklearn...
2025-03-26 21:18:57,249 - INFO - Bag of words created with 191 unique words using sklearn
2025-03-26 21:18:57,250 - INFO - NGrams class is initialized
2025-03-26 21:18:57,251 - INFO - Creating 2-grams...
2025-03-26 21:18:57,252 - INFO - 2-grams created with 238 unique 2-grams
2025-03-26 21:18:57,253 - INFO - NGrams class is initialized
2025-03-26 21:18:57,254 - INFO - Creating 4-grams...
2025-03-26 21:18:57,255 - INFO - 4-grams created with 237 unique 4-grams
