2025-03-26 21:23:40,948 - INFO - Reading text from file: D:/Projects/SvetlanaDmitrievna/lab3_ii/texts/test_text.txt
2025-03-26 21:23:40,956 - INFO - Successfully read 562 chars from file.
2025-03-26 21:23:40,957 - INFO - Text is initializing...
2025-03-26 21:23:40,960 - INFO - Detected language: english
2025-03-26 21:23:40,961 - INFO - Text is initialized with parameters: delete_punctuation_mode=string, text_normalization_method=lemma
2025-03-26 21:23:40,962 - INFO - Text has been converted to lower case.
2025-03-26 21:23:40,963 - INFO - Converting numbers to words...
2025-03-26 21:23:40,964 - INFO - Numbers have been converted to words.
2025-03-26 21:23:40,965 - INFO - Punctuation are being deleting...
2025-03-26 21:23:40,967 - INFO - Punctuation has been deleted.
2025-03-26 21:23:40,969 - INFO - Correction of typos initiated...
2025-03-26 21:23:41,075 - INFO - Correction of typos initiated...
2025-03-26 21:23:41,078 - INFO - Text preprocessing is done!
2025-03-26 21:23:41,085 - INFO - Transmitted preprocessed text with 618 chars.
2025-03-26 21:23:41,086 - INFO - Text successfully was written to D:/Projects/SvetlanaDmitrievna/lab3_ii/texts/output_russian.txt
2025-03-26 21:23:41,094 - INFO - BagOfWords class is initialized
2025-03-26 21:23:41,095 - INFO - Creating bag of words using sklearn...
2025-03-26 21:23:41,097 - INFO - Bag of words created with 72 unique words using sklearn
2025-03-26 21:23:41,098 - INFO - NGrams class is initialized
2025-03-26 21:23:41,098 - INFO - Creating 2-grams...
2025-03-26 21:23:41,099 - INFO - 2-grams created with 106 unique 2-grams
2025-03-26 21:23:41,100 - INFO - NGrams class is initialized
2025-03-26 21:23:41,100 - INFO - Creating 4-grams...
2025-03-26 21:23:41,100 - INFO - 4-grams created with 112 unique 4-grams
2025-03-26 21:23:41,107 - INFO - Reading text from file: D:/Projects/SvetlanaDmitrievna/lab3_ii/texts/english_text.txt
2025-03-26 21:23:41,108 - INFO - Successfully read 1119 chars from file.
2025-03-26 21:23:41,109 - INFO - Text is initializing...
2025-03-26 21:23:41,113 - INFO - Detected language: english
2025-03-26 21:23:41,113 - INFO - Text is initialized with parameters: delete_punctuation_mode=string, text_normalization_method=lemma
2025-03-26 21:23:41,114 - INFO - Text has been converted to lower case.
2025-03-26 21:23:41,114 - INFO - Converting numbers to words...
2025-03-26 21:23:41,115 - INFO - Numbers have been converted to words.
2025-03-26 21:23:41,115 - INFO - Punctuation are being deleting...
2025-03-26 21:23:41,116 - INFO - Punctuation has been deleted.
2025-03-26 21:23:41,116 - INFO - Correction of typos initiated...
2025-03-26 21:23:41,701 - ERROR - Typos correction error: sequence item 13: expected str instance, NoneType found
2025-03-26 21:23:41,704 - INFO - Text preprocessing is done!
2025-03-26 21:23:41,710 - INFO - Transmitted preprocessed text with 1119 chars.
2025-03-26 21:23:41,710 - INFO - Text successfully was written to D:/Projects/SvetlanaDmitrievna/lab3_ii/texts/english_text.txt
2025-03-26 21:23:41,717 - INFO - BagOfWords class is initialized
2025-03-26 21:23:41,718 - INFO - Creating bag of words using sklearn...
2025-03-26 21:23:41,721 - INFO - Bag of words created with 154 unique words using sklearn
2025-03-26 21:23:41,722 - INFO - NGrams class is initialized
2025-03-26 21:23:41,723 - INFO - Creating 2-grams...
2025-03-26 21:23:41,723 - INFO - 2-grams created with 179 unique 2-grams
2025-03-26 21:23:41,724 - INFO - NGrams class is initialized
2025-03-26 21:23:41,724 - INFO - Creating 4-grams...
2025-03-26 21:23:41,725 - INFO - 4-grams created with 177 unique 4-grams
