2025-03-26 21:22:47,267 - INFO - Reading text from file: D:/Projects/SvetlanaDmitrievna/lab3_ii/texts/test_text.txt
2025-03-26 21:22:47,268 - INFO - Successfully read 561 chars from file.
2025-03-26 21:22:47,269 - INFO - Text is initializing...
2025-03-26 21:22:47,271 - INFO - Detected language: english
2025-03-26 21:22:47,272 - INFO - Text is initialized with parameters: delete_punctuation_mode=string, text_normalization_method=lemma
2025-03-26 21:22:47,273 - INFO - Text has been converted to lower case.
2025-03-26 21:22:47,273 - INFO - Converting numbers to words...
2025-03-26 21:22:47,274 - INFO - Numbers have been converted to words.
2025-03-26 21:22:47,274 - INFO - Punctuation are being deleting...
2025-03-26 21:22:47,275 - INFO - Punctuation has been deleted.
2025-03-26 21:22:47,276 - INFO - Stop words are being removed...
2025-03-26 21:22:47,289 - INFO - Stop words have been removed.
2025-03-26 21:22:47,289 - INFO - Correction of typos initiated...
2025-03-26 21:22:47,377 - INFO - Correction of typos initiated...
2025-03-26 21:22:47,380 - INFO - Text preprocessing is done!
2025-03-26 21:22:47,385 - INFO - Transmitted preprocessed text with 415 chars.
2025-03-26 21:22:47,387 - INFO - Text successfully was written to D:/Projects/SvetlanaDmitrievna/lab3_ii/texts/output_russian.txt
2025-03-26 21:22:47,393 - INFO - BagOfWords class is initialized
2025-03-26 21:22:47,394 - INFO - Creating bag of words using sklearn...
2025-03-26 21:22:47,395 - INFO - Bag of words created with 46 unique words using sklearn
2025-03-26 21:22:47,396 - INFO - NGrams class is initialized
2025-03-26 21:22:47,396 - INFO - Creating 2-grams...
2025-03-26 21:22:47,398 - INFO - 2-grams created with 54 unique 2-grams
2025-03-26 21:22:47,398 - INFO - NGrams class is initialized
2025-03-26 21:22:47,399 - INFO - Creating 4-grams...
2025-03-26 21:22:47,399 - INFO - 4-grams created with 55 unique 4-grams
2025-03-26 21:22:47,406 - INFO - Reading text from file: D:/Projects/SvetlanaDmitrievna/lab3_ii/texts/english_text.txt
2025-03-26 21:22:47,407 - INFO - Successfully read 1218 chars from file.
2025-03-26 21:22:47,407 - INFO - Text is initializing...
2025-03-26 21:22:47,412 - INFO - Detected language: english
2025-03-26 21:22:47,412 - INFO - Text is initialized with parameters: delete_punctuation_mode=string, text_normalization_method=lemma
2025-03-26 21:22:47,413 - INFO - Text has been converted to lower case.
2025-03-26 21:22:47,414 - INFO - Converting numbers to words...
2025-03-26 21:22:47,414 - INFO - Numbers have been converted to words.
2025-03-26 21:22:47,415 - INFO - Punctuation are being deleting...
2025-03-26 21:22:47,415 - INFO - Punctuation has been deleted.
2025-03-26 21:22:47,416 - INFO - Stop words are being removed...
2025-03-26 21:22:47,417 - INFO - Stop words have been removed.
2025-03-26 21:22:47,417 - INFO - Correction of typos initiated...
2025-03-26 21:22:47,997 - ERROR - Typos correction error: sequence item 13: expected str instance, NoneType found
2025-03-26 21:22:47,999 - INFO - Text preprocessing is done!
2025-03-26 21:22:48,006 - INFO - Transmitted preprocessed text with 1198 chars.
2025-03-26 21:22:48,008 - INFO - Text successfully was written to D:/Projects/SvetlanaDmitrievna/lab3_ii/texts/english_text.txt
2025-03-26 21:22:48,017 - INFO - BagOfWords class is initialized
2025-03-26 21:22:48,018 - INFO - Creating bag of words using sklearn...
2025-03-26 21:22:48,021 - INFO - Bag of words created with 164 unique words using sklearn
2025-03-26 21:22:48,022 - INFO - NGrams class is initialized
2025-03-26 21:22:48,022 - INFO - Creating 2-grams...
2025-03-26 21:22:48,023 - INFO - 2-grams created with 193 unique 2-grams
2025-03-26 21:22:48,024 - INFO - NGrams class is initialized
2025-03-26 21:22:48,025 - INFO - Creating 4-grams...
2025-03-26 21:22:48,026 - INFO - 4-grams created with 191 unique 4-grams
