2025-03-26 21:26:29,240 - INFO - Reading text from file: D:/Projects/SvetlanaDmitrievna/lab3_ii/texts/test_text.txt
2025-03-26 21:26:29,241 - INFO - Successfully read 13 chars from file.
2025-03-26 21:26:29,242 - INFO - Text is initializing...
2025-03-26 21:26:29,243 - CRITICAL - Error with detecting langauge.
2025-03-26 21:26:29,244 - INFO - Text is initialized with parameters: delete_punctuation_mode=string, text_normalization_method=lemma
2025-03-26 21:26:29,245 - INFO - Text has been converted to lower case.
2025-03-26 21:26:29,246 - INFO - Converting numbers to words...
2025-03-26 21:26:29,247 - INFO - Numbers have been converted to words.
2025-03-26 21:26:29,248 - INFO - Punctuation are being deleting...
2025-03-26 21:26:29,251 - INFO - Punctuation has been deleted.
2025-03-26 21:26:29,252 - INFO - Text preprocessing is done!
2025-03-26 21:26:29,264 - INFO - Transmitted preprocessed text with 56 chars.
2025-03-26 21:26:29,266 - INFO - Text successfully was written to D:/Projects/SvetlanaDmitrievna/lab3_ii/texts/output_russian.txt
2025-03-26 21:26:29,276 - INFO - BagOfWords class is initialized
2025-03-26 21:26:29,278 - INFO - Creating bag of words using sklearn...
2025-03-26 21:26:29,280 - INFO - Bag of words created with 7 unique words using sklearn
2025-03-26 21:26:29,281 - INFO - NGrams class is initialized
2025-03-26 21:26:29,281 - INFO - Creating 2-grams...
2025-03-26 21:26:29,282 - INFO - 2-grams created with 9 unique 2-grams
2025-03-26 21:26:29,283 - INFO - NGrams class is initialized
2025-03-26 21:26:29,284 - INFO - Creating 4-grams...
2025-03-26 21:26:29,284 - INFO - 4-grams created with 8 unique 4-grams
2025-03-26 21:26:29,294 - INFO - Reading text from file: D:/Projects/SvetlanaDmitrievna/lab3_ii/texts/english_text.txt
2025-03-26 21:26:29,295 - INFO - Successfully read 942 chars from file.
2025-03-26 21:26:29,296 - INFO - Text is initializing...
2025-03-26 21:26:29,303 - INFO - Detected language: english
2025-03-26 21:26:29,304 - INFO - Text is initialized with parameters: delete_punctuation_mode=string, text_normalization_method=lemma
2025-03-26 21:26:29,305 - INFO - Text has been converted to lower case.
2025-03-26 21:26:29,305 - INFO - Converting numbers to words...
2025-03-26 21:26:29,306 - INFO - Numbers have been converted to words.
2025-03-26 21:26:29,307 - INFO - Punctuation are being deleting...
2025-03-26 21:26:29,307 - INFO - Punctuation has been deleted.
2025-03-26 21:26:29,308 - INFO - Text preprocessing is done!
2025-03-26 21:26:29,314 - INFO - Transmitted preprocessed text with 942 chars.
2025-03-26 21:26:29,316 - INFO - Text successfully was written to D:/Projects/SvetlanaDmitrievna/lab3_ii/texts/english_text.txt
2025-03-26 21:26:29,324 - INFO - BagOfWords class is initialized
2025-03-26 21:26:29,325 - INFO - Creating bag of words using sklearn...
2025-03-26 21:26:29,327 - INFO - Bag of words created with 132 unique words using sklearn
2025-03-26 21:26:29,328 - INFO - NGrams class is initialized
2025-03-26 21:26:29,328 - INFO - Creating 2-grams...
2025-03-26 21:26:29,329 - INFO - 2-grams created with 149 unique 2-grams
2025-03-26 21:26:29,330 - INFO - NGrams class is initialized
2025-03-26 21:26:29,331 - INFO - Creating 4-grams...
2025-03-26 21:26:29,332 - INFO - 4-grams created with 147 unique 4-grams
2025-03-26 21:26:54,269 - INFO - Transmitted preprocessed text with 56 chars.
2025-03-26 21:26:54,270 - INFO - Text successfully was written to D:/Projects/SvetlanaDmitrievna/lab3_ii/texts/output_russian.txt
2025-03-26 21:27:13,928 - INFO - Transmitted preprocessed text with 56 chars.
2025-03-26 21:27:13,930 - INFO - Text successfully was written to D:/Projects/SvetlanaDmitrievna/lab3_ii/texts/output_russian.txt
2025-03-26 21:28:21,914 - INFO - Reading text from file: D:/Projects/SvetlanaDmitrievna/lab3_ii/texts/test_text.txt
2025-03-26 21:28:21,916 - INFO - Successfully read 5 chars from file.
2025-03-26 21:28:21,916 - INFO - Text is initializing...
2025-03-26 21:28:21,918 - CRITICAL - Error with detecting langauge.
2025-03-26 21:28:21,918 - INFO - Text is initialized with parameters: delete_punctuation_mode=string, text_normalization_method=lemma
2025-03-26 21:28:21,919 - INFO - Text has been converted to lower case.
2025-03-26 21:28:21,919 - INFO - Converting numbers to words...
2025-03-26 21:28:21,920 - INFO - Numbers have been converted to words.
2025-03-26 21:28:21,921 - INFO - Punctuation are being deleting...
2025-03-26 21:28:21,921 - INFO - Punctuation has been deleted.
2025-03-26 21:28:21,922 - INFO - Text preprocessing is done!
2025-03-26 21:28:23,555 - INFO - Transmitted preprocessed text with 20 chars.
2025-03-26 21:28:23,556 - INFO - Text successfully was written to D:/Projects/SvetlanaDmitrievna/lab3_ii/texts/output_russian.txt
2025-03-26 21:28:38,392 - INFO - Reading text from file: D:/Projects/SvetlanaDmitrievna/lab3_ii/texts/test_text.txt
2025-03-26 21:28:38,394 - INFO - Successfully read 7 chars from file.
2025-03-26 21:28:38,395 - INFO - Text is initializing...
2025-03-26 21:28:38,395 - CRITICAL - Error with detecting langauge.
2025-03-26 21:28:38,397 - INFO - Text is initialized with parameters: delete_punctuation_mode=string, text_normalization_method=lemma
2025-03-26 21:28:38,397 - INFO - Text has been converted to lower case.
2025-03-26 21:28:38,398 - INFO - Converting numbers to words...
2025-03-26 21:28:38,399 - INFO - Numbers have been converted to words.
2025-03-26 21:28:38,399 - INFO - Punctuation are being deleting...
2025-03-26 21:28:38,400 - INFO - Punctuation has been deleted.
2025-03-26 21:28:38,400 - INFO - Text preprocessing is done!
2025-03-26 21:28:41,151 - INFO - Transmitted preprocessed text with 28 chars.
2025-03-26 21:28:41,152 - INFO - Text successfully was written to D:/Projects/SvetlanaDmitrievna/lab3_ii/texts/output_russian.txt
2025-03-26 21:30:16,415 - INFO - Reading text from file: D:/Projects/SvetlanaDmitrievna/lab3_ii/texts/test_text.txt
2025-03-26 21:30:16,416 - INFO - Successfully read 7 chars from file.
2025-03-26 21:30:16,417 - INFO - Text is initializing...
2025-03-26 21:30:16,418 - CRITICAL - Error with detecting langauge.
2025-03-26 21:30:16,418 - INFO - Text is initialized with parameters: delete_punctuation_mode=string, text_normalization_method=lemma
2025-03-26 21:30:16,419 - INFO - Text has been converted to lower case.
2025-03-26 21:30:16,419 - INFO - Converting numbers to words...
2025-03-26 21:30:16,420 - INFO - Numbers have been converted to words.
2025-03-26 21:30:16,420 - INFO - Punctuation are being deleting...
2025-03-26 21:30:16,420 - INFO - Punctuation has been deleted.
2025-03-26 21:30:16,421 - INFO - Text preprocessing is done!
2025-03-26 21:30:18,392 - INFO - Transmitted preprocessed text with 28 chars.
2025-03-26 21:30:18,393 - INFO - Text successfully was written to D:/Projects/SvetlanaDmitrievna/lab3_ii/texts/output_russian.txt
2025-03-26 21:30:47,955 - INFO - Reading text from file: D:/Projects/SvetlanaDmitrievna/lab3_ii/texts/test_text.txt
2025-03-26 21:30:47,956 - INFO - Successfully read 7 chars from file.
2025-03-26 21:30:47,957 - INFO - Text is initializing...
2025-03-26 21:30:47,957 - CRITICAL - Error with detecting langauge.
2025-03-26 21:30:47,957 - INFO - Text is initialized with parameters: delete_punctuation_mode=string, text_normalization_method=lemma
2025-03-26 21:30:47,958 - INFO - Text has been converted to lower case.
2025-03-26 21:30:47,958 - INFO - Converting numbers to words...
2025-03-26 21:30:47,958 - INFO - Numbers have been converted to words.
2025-03-26 21:30:47,960 - INFO - Punctuation are being deleting...
2025-03-26 21:30:47,960 - INFO - Punctuation has been deleted.
2025-03-26 21:30:47,961 - INFO - Text preprocessing is done!
