2025-03-26 21:25:32,108 - INFO - Reading text from file: D:/Projects/SvetlanaDmitrievna/lab3_ii/texts/test_text.txt
2025-03-26 21:25:32,117 - INFO - Successfully read 13 chars from file.
2025-03-26 21:25:32,118 - INFO - Text is initializing...
2025-03-26 21:25:32,120 - CRITICAL - Error with detecting langauge.
2025-03-26 21:25:32,120 - INFO - Text is initialized with parameters: delete_punctuation_mode=string, text_normalization_method=lemma
2025-03-26 21:25:32,121 - INFO - Text has been converted to lower case.
2025-03-26 21:25:32,122 - INFO - Converting numbers to words...
2025-03-26 21:25:32,123 - INFO - Numbers have been converted to words.
2025-03-26 21:25:32,124 - INFO - Punctuation are being deleting...
2025-03-26 21:25:32,125 - INFO - Punctuation has been deleted.
2025-03-26 21:25:32,126 - INFO - Correction of typos initiated...
2025-03-26 21:25:32,207 - INFO - Correction of typos initiated...
2025-03-26 21:25:32,210 - INFO - Text preprocessing is done!
2025-03-26 21:25:32,216 - INFO - Transmitted preprocessed text with 56 chars.
2025-03-26 21:25:32,217 - INFO - Text successfully was written to D:/Projects/SvetlanaDmitrievna/lab3_ii/texts/output_russian.txt
2025-03-26 21:25:32,224 - INFO - BagOfWords class is initialized
2025-03-26 21:25:32,225 - INFO - Creating bag of words using sklearn...
2025-03-26 21:25:32,226 - INFO - Bag of words created with 7 unique words using sklearn
2025-03-26 21:25:32,227 - INFO - NGrams class is initialized
2025-03-26 21:25:32,228 - INFO - Creating 2-grams...
2025-03-26 21:25:32,229 - INFO - 2-grams created with 9 unique 2-grams
2025-03-26 21:25:32,229 - INFO - NGrams class is initialized
2025-03-26 21:25:32,230 - INFO - Creating 4-grams...
2025-03-26 21:25:32,231 - INFO - 4-grams created with 8 unique 4-grams
2025-03-26 21:25:32,237 - INFO - Reading text from file: D:/Projects/SvetlanaDmitrievna/lab3_ii/texts/english_text.txt
2025-03-26 21:25:32,238 - INFO - Successfully read 1030 chars from file.
2025-03-26 21:25:32,238 - INFO - Text is initializing...
2025-03-26 21:25:32,242 - INFO - Detected language: english
2025-03-26 21:25:32,244 - INFO - Text is initialized with parameters: delete_punctuation_mode=string, text_normalization_method=lemma
2025-03-26 21:25:32,244 - INFO - Text has been converted to lower case.
2025-03-26 21:25:32,245 - INFO - Converting numbers to words...
2025-03-26 21:25:32,245 - INFO - Numbers have been converted to words.
2025-03-26 21:25:32,245 - INFO - Punctuation are being deleting...
2025-03-26 21:25:32,246 - INFO - Punctuation has been deleted.
2025-03-26 21:25:32,246 - INFO - Correction of typos initiated...
2025-03-26 21:25:32,826 - ERROR - Typos correction error: sequence item 13: expected str instance, NoneType found
2025-03-26 21:25:32,829 - INFO - Text preprocessing is done!
2025-03-26 21:25:32,835 - INFO - Transmitted preprocessed text with 1030 chars.
2025-03-26 21:25:32,837 - INFO - Text successfully was written to D:/Projects/SvetlanaDmitrievna/lab3_ii/texts/english_text.txt
2025-03-26 21:25:32,846 - INFO - BagOfWords class is initialized
2025-03-26 21:25:32,847 - INFO - Creating bag of words using sklearn...
2025-03-26 21:25:32,850 - INFO - Bag of words created with 143 unique words using sklearn
2025-03-26 21:25:32,850 - INFO - NGrams class is initialized
2025-03-26 21:25:32,851 - INFO - Creating 2-grams...
2025-03-26 21:25:32,851 - INFO - 2-grams created with 164 unique 2-grams
2025-03-26 21:25:32,852 - INFO - NGrams class is initialized
2025-03-26 21:25:32,853 - INFO - Creating 4-grams...
2025-03-26 21:25:32,853 - INFO - 4-grams created with 162 unique 4-grams
2025-03-26 21:26:02,710 - INFO - Reading text from file: D:/Projects/SvetlanaDmitrievna/lab3_ii/texts/test_text.txt
2025-03-26 21:26:02,711 - INFO - Successfully read 13 chars from file.
2025-03-26 21:26:02,712 - INFO - Text is initializing...
2025-03-26 21:26:02,712 - CRITICAL - Error with detecting langauge.
2025-03-26 21:26:02,712 - INFO - Text is initialized with parameters: delete_punctuation_mode=string, text_normalization_method=lemma
2025-03-26 21:26:02,712 - INFO - Text has been converted to lower case.
2025-03-26 21:26:02,714 - INFO - Converting numbers to words...
2025-03-26 21:26:02,714 - INFO - Numbers have been converted to words.
2025-03-26 21:26:02,714 - INFO - Punctuation are being deleting...
2025-03-26 21:26:02,715 - INFO - Punctuation has been deleted.
2025-03-26 21:26:02,715 - INFO - Correction of typos initiated...
2025-03-26 21:26:02,820 - INFO - Correction of typos initiated...
2025-03-26 21:26:02,823 - INFO - Text preprocessing is done!
