2025-03-26 21:20:09,750 - INFO - Reading text from file: D:/Projects/SvetlanaDmitrievna/lab3_ii/texts/test_text.txt
2025-03-26 21:20:09,752 - INFO - Successfully read 554 chars from file.
2025-03-26 21:20:09,753 - INFO - Text is initializing...
2025-03-26 21:20:09,756 - INFO - Detected language: english
2025-03-26 21:20:09,757 - INFO - Text is initialized with parameters: delete_punctuation_mode=string, text_normalization_method=lemma
2025-03-26 21:20:09,758 - INFO - Text has been converted to lower case.
2025-03-26 21:20:09,759 - INFO - Converting numbers to words...
2025-03-26 21:20:09,760 - INFO - Numbers have been converted to words.
2025-03-26 21:20:09,761 - INFO - Correction of typos initiated...
2025-03-26 21:20:11,981 - INFO - Correction of typos initiated...
2025-03-26 21:20:11,984 - INFO - Text preprocessing is done!
2025-03-26 21:20:11,990 - INFO - Transmitted preprocessed text with 575 chars.
2025-03-26 21:20:11,992 - INFO - Text successfully was written to D:/Projects/SvetlanaDmitrievna/lab3_ii/texts/output_russian.txt
2025-03-26 21:20:12,003 - INFO - BagOfWords class is initialized
2025-03-26 21:20:12,004 - INFO - Creating bag of words using sklearn...
2025-03-26 21:20:12,005 - INFO - Bag of words created with 70 unique words using sklearn
2025-03-26 21:20:12,006 - INFO - NGrams class is initialized
2025-03-26 21:20:12,006 - INFO - Creating 2-grams...
2025-03-26 21:20:12,007 - INFO - 2-grams created with 102 unique 2-grams
2025-03-26 21:20:12,008 - INFO - NGrams class is initialized
2025-03-26 21:20:12,008 - INFO - Creating 4-grams...
2025-03-26 21:20:12,009 - INFO - 4-grams created with 105 unique 4-grams
2025-03-26 21:20:12,015 - INFO - Reading text from file: D:/Projects/SvetlanaDmitrievna/lab3_ii/texts/english_text.txt
2025-03-26 21:20:12,016 - INFO - Successfully read 1393 chars from file.
2025-03-26 21:20:12,016 - INFO - Text is initializing...
2025-03-26 21:20:12,020 - INFO - Detected language: english
2025-03-26 21:20:12,021 - INFO - Text is initialized with parameters: delete_punctuation_mode=string, text_normalization_method=lemma
2025-03-26 21:20:12,022 - INFO - Text has been converted to lower case.
2025-03-26 21:20:12,023 - INFO - Converting numbers to words...
2025-03-26 21:20:12,024 - INFO - Numbers have been converted to words.
2025-03-26 21:20:12,024 - INFO - Correction of typos initiated...
2025-03-26 21:20:12,581 - ERROR - Typos correction error: sequence item 13: expected str instance, NoneType found
2025-03-26 21:20:12,584 - INFO - Text preprocessing is done!
2025-03-26 21:20:12,591 - INFO - Transmitted preprocessed text with 1393 chars.
2025-03-26 21:20:12,592 - INFO - Text successfully was written to D:/Projects/SvetlanaDmitrievna/lab3_ii/texts/english_text.txt
2025-03-26 21:20:12,607 - INFO - BagOfWords class is initialized
2025-03-26 21:20:12,607 - INFO - Creating bag of words using sklearn...
2025-03-26 21:20:12,609 - INFO - Bag of words created with 181 unique words using sklearn
2025-03-26 21:20:12,610 - INFO - NGrams class is initialized
2025-03-26 21:20:12,610 - INFO - Creating 2-grams...
2025-03-26 21:20:12,611 - INFO - 2-grams created with 223 unique 2-grams
2025-03-26 21:20:12,612 - INFO - NGrams class is initialized
2025-03-26 21:20:12,612 - INFO - Creating 4-grams...
2025-03-26 21:20:12,613 - INFO - 4-grams created with 222 unique 4-grams
