2025-03-26 21:33:58,472 - INFO - Reading text from file: D:/Projects/SvetlanaDmitrievna/lab3_ii/texts/test_text.txt
2025-03-26 21:33:58,474 - INFO - Successfully read 7 chars from file.
2025-03-26 21:33:58,475 - INFO - Text is initializing...
2025-03-26 21:33:58,476 - CRITICAL - Error with detecting langauge.
2025-03-26 21:33:58,477 - INFO - Text is initialized with parameters: delete_punctuation_mode=string, text_normalization_method=lemma
2025-03-26 21:33:58,478 - INFO - Text has been converted to lower case.
2025-03-26 21:33:58,479 - INFO - Converting numbers to words...
2025-03-26 21:33:58,480 - INFO - Numbers have been converted to words.
2025-03-26 21:33:58,481 - INFO - Text preprocessing is done!
2025-03-26 21:33:58,494 - INFO - Transmitted preprocessed text with 28 chars.
2025-03-26 21:33:58,496 - INFO - Text successfully was written to D:/Projects/SvetlanaDmitrievna/lab3_ii/texts/output_russian.txt
2025-03-26 21:33:58,506 - INFO - BagOfWords class is initialized
2025-03-26 21:33:58,507 - INFO - Creating bag of words using sklearn...
2025-03-26 21:33:58,509 - INFO - Bag of words created with 5 unique words using sklearn
2025-03-26 21:33:58,510 - INFO - NGrams class is initialized
2025-03-26 21:33:58,511 - INFO - Creating 2-grams...
2025-03-26 21:33:58,512 - INFO - 2-grams created with 4 unique 2-grams
2025-03-26 21:33:58,513 - INFO - NGrams class is initialized
2025-03-26 21:33:58,514 - INFO - Creating 4-grams...
2025-03-26 21:33:58,515 - INFO - 4-grams created with 2 unique 4-grams
2025-03-26 21:33:58,523 - INFO - Reading text from file: D:/Projects/SvetlanaDmitrievna/lab3_ii/texts/english_text.txt
2025-03-26 21:33:58,524 - INFO - Successfully read 858 chars from file.
2025-03-26 21:33:58,524 - INFO - Text is initializing...
2025-03-26 21:33:58,528 - INFO - Detected language: english
2025-03-26 21:33:58,530 - INFO - Text is initialized with parameters: delete_punctuation_mode=string, text_normalization_method=lemma
2025-03-26 21:33:58,530 - INFO - Text has been converted to lower case.
2025-03-26 21:33:58,531 - INFO - Converting numbers to words...
2025-03-26 21:33:58,531 - INFO - Numbers have been converted to words.
2025-03-26 21:33:58,532 - INFO - Text preprocessing is done!
2025-03-26 21:33:58,538 - INFO - Transmitted preprocessed text with 858 chars.
2025-03-26 21:33:58,539 - INFO - Text successfully was written to D:/Projects/SvetlanaDmitrievna/lab3_ii/texts/english_text.txt
2025-03-26 21:33:58,546 - INFO - BagOfWords class is initialized
2025-03-26 21:33:58,546 - INFO - Creating bag of words using sklearn...
2025-03-26 21:33:58,549 - INFO - Bag of words created with 120 unique words using sklearn
2025-03-26 21:33:58,549 - INFO - NGrams class is initialized
2025-03-26 21:33:58,550 - INFO - Creating 2-grams...
2025-03-26 21:33:58,550 - INFO - 2-grams created with 134 unique 2-grams
2025-03-26 21:33:58,551 - INFO - NGrams class is initialized
2025-03-26 21:33:58,551 - INFO - Creating 4-grams...
2025-03-26 21:33:58,551 - INFO - 4-grams created with 132 unique 4-grams
