2025-03-26 21:35:41,610 - INFO - Reading text from file: D:/Projects/SvetlanaDmitrievna/lab3_ii/texts/test_text.txt
2025-03-26 21:35:41,613 - INFO - Successfully read 29 chars from file.
2025-03-26 21:35:41,614 - INFO - Text is initializing...
2025-03-26 21:35:41,621 - CRITICAL - Error with detecting langauge.
2025-03-26 21:35:41,623 - INFO - Text is initialized with parameters: delete_punctuation_mode=string, text_normalization_method=lemma
2025-03-26 21:35:41,624 - INFO - Text has been converted to lower case.
2025-03-26 21:35:41,624 - INFO - Converting numbers to words...
2025-03-26 21:35:41,625 - INFO - Numbers have been converted to words.
2025-03-26 21:35:41,625 - INFO - Punctuation are being deleting...
2025-03-26 21:35:41,627 - INFO - Punctuation has been deleted.
2025-03-26 21:35:41,627 - INFO - Correction of typos initiated...
2025-03-26 21:35:41,715 - INFO - Correction of typos initiated...
2025-03-26 21:35:41,718 - INFO - Text preprocessing is done!
2025-03-26 21:35:41,724 - INFO - Transmitted preprocessed text with 50 chars.
2025-03-26 21:35:41,726 - INFO - Text successfully was written to D:/Projects/SvetlanaDmitrievna/lab3_ii/texts/output_russian.txt
2025-03-26 21:35:41,733 - INFO - BagOfWords class is initialized
2025-03-26 21:35:41,734 - INFO - Creating bag of words using sklearn...
2025-03-26 21:35:41,736 - INFO - Bag of words created with 9 unique words using sklearn
2025-03-26 21:35:41,737 - INFO - NGrams class is initialized
2025-03-26 21:35:41,737 - INFO - Creating 2-grams...
2025-03-26 21:35:41,738 - INFO - 2-grams created with 9 unique 2-grams
2025-03-26 21:35:41,739 - INFO - NGrams class is initialized
2025-03-26 21:35:41,739 - INFO - Creating 4-grams...
2025-03-26 21:35:41,740 - INFO - 4-grams created with 7 unique 4-grams
2025-03-26 21:35:41,747 - INFO - Reading text from file: D:/Projects/SvetlanaDmitrievna/lab3_ii/texts/english_text.txt
2025-03-26 21:35:41,748 - INFO - Successfully read 857 chars from file.
2025-03-26 21:35:41,749 - INFO - Text is initializing...
2025-03-26 21:35:41,753 - INFO - Detected language: english
2025-03-26 21:35:41,754 - INFO - Text is initialized with parameters: delete_punctuation_mode=string, text_normalization_method=lemma
2025-03-26 21:35:41,754 - INFO - Text has been converted to lower case.
2025-03-26 21:35:41,755 - INFO - Converting numbers to words...
2025-03-26 21:35:41,755 - INFO - Numbers have been converted to words.
2025-03-26 21:35:41,756 - INFO - Punctuation are being deleting...
2025-03-26 21:35:41,756 - INFO - Punctuation has been deleted.
2025-03-26 21:35:41,757 - INFO - Correction of typos initiated...
2025-03-26 21:35:42,359 - ERROR - Typos correction error: sequence item 13: expected str instance, NoneType found
2025-03-26 21:35:42,361 - INFO - Text preprocessing is done!
2025-03-26 21:35:42,368 - INFO - Transmitted preprocessed text with 857 chars.
2025-03-26 21:35:42,369 - INFO - Text successfully was written to D:/Projects/SvetlanaDmitrievna/lab3_ii/texts/english_text.txt
2025-03-26 21:35:42,379 - INFO - BagOfWords class is initialized
2025-03-26 21:35:42,379 - INFO - Creating bag of words using sklearn...
2025-03-26 21:35:42,381 - INFO - Bag of words created with 120 unique words using sklearn
2025-03-26 21:35:42,382 - INFO - NGrams class is initialized
2025-03-26 21:35:42,382 - INFO - Creating 2-grams...
2025-03-26 21:35:42,383 - INFO - 2-grams created with 134 unique 2-grams
2025-03-26 21:35:42,383 - INFO - NGrams class is initialized
2025-03-26 21:35:42,384 - INFO - Creating 4-grams...
2025-03-26 21:35:42,384 - INFO - 4-grams created with 132 unique 4-grams
