2025-03-26 21:53:14,681 - INFO - Reading text from file: D:/Projects/SvetlanaDmitrievna/lab3_ii/texts/test_text.txt
2025-03-26 21:53:14,689 - INFO - Successfully read 32 chars from file.
2025-03-26 21:53:14,690 - INFO - Text is initializing...
2025-03-26 21:53:14,693 - INFO - Detected language: russian
2025-03-26 21:53:14,693 - INFO - Text is initialized with parameters: delete_punctuation_mode=string, text_normalization_method=lemma
2025-03-26 21:53:14,694 - INFO - Text has been converted to lower case.
2025-03-26 21:53:14,694 - INFO - Converting numbers to words...
2025-03-26 21:53:14,695 - INFO - Numbers have been converted to words.
2025-03-26 21:53:14,695 - INFO - Punctuation are being deleting...
2025-03-26 21:53:14,697 - INFO - Punctuation has been deleted.
2025-03-26 21:53:14,697 - INFO - Correction of typos initiated...
2025-03-26 21:53:15,730 - INFO - Corrected 2 typos using Yandex.Speller
2025-03-26 21:53:15,731 - INFO - Text preprocessing is done!
2025-03-26 21:53:15,739 - INFO - Transmitted preprocessed text with 66 chars.
2025-03-26 21:53:15,740 - INFO - Text successfully was written to D:/Projects/SvetlanaDmitrievna/lab3_ii/texts/output_russian.txt
2025-03-26 21:53:15,748 - INFO - BagOfWords class is initialized
2025-03-26 21:53:15,749 - INFO - Creating bag of words using sklearn...
2025-03-26 21:53:15,750 - INFO - Bag of words created with 10 unique words using sklearn
2025-03-26 21:53:15,751 - INFO - NGrams class is initialized
2025-03-26 21:53:15,753 - INFO - Creating 2-grams...
2025-03-26 21:53:15,753 - INFO - 2-grams created with 10 unique 2-grams
2025-03-26 21:53:15,754 - INFO - NGrams class is initialized
2025-03-26 21:53:15,754 - INFO - Creating 4-grams...
2025-03-26 21:53:15,755 - INFO - 4-grams created with 8 unique 4-grams
2025-03-26 21:53:15,763 - INFO - Reading text from file: D:/Projects/SvetlanaDmitrievna/lab3_ii/texts/english_text.txt
2025-03-26 21:53:15,764 - INFO - Successfully read 859 chars from file.
2025-03-26 21:53:15,764 - INFO - Text is initializing...
2025-03-26 21:53:15,769 - INFO - Detected language: english
2025-03-26 21:53:15,770 - INFO - Text is initialized with parameters: delete_punctuation_mode=string, text_normalization_method=lemma
2025-03-26 21:53:15,770 - INFO - Text has been converted to lower case.
2025-03-26 21:53:15,771 - INFO - Converting numbers to words...
2025-03-26 21:53:15,771 - INFO - Numbers have been converted to words.
2025-03-26 21:53:15,772 - INFO - Punctuation are being deleting...
2025-03-26 21:53:15,772 - INFO - Punctuation has been deleted.
2025-03-26 21:53:15,773 - INFO - Correction of typos initiated...
2025-03-26 21:53:16,376 - INFO - Correction of typos initiated done with 135 corrected words.
2025-03-26 21:53:16,379 - INFO - Text preprocessing is done!
2025-03-26 21:53:16,385 - INFO - Transmitted preprocessed text with 850 chars.
2025-03-26 21:53:16,386 - INFO - Text successfully was written to D:/Projects/SvetlanaDmitrievna/lab3_ii/texts/english_text.txt
2025-03-26 21:53:16,395 - INFO - BagOfWords class is initialized
2025-03-26 21:53:16,396 - INFO - Creating bag of words using sklearn...
2025-03-26 21:53:16,399 - INFO - Bag of words created with 120 unique words using sklearn
2025-03-26 21:53:16,400 - INFO - NGrams class is initialized
2025-03-26 21:53:16,401 - INFO - Creating 2-grams...
2025-03-26 21:53:16,401 - INFO - 2-grams created with 134 unique 2-grams
2025-03-26 21:53:16,402 - INFO - NGrams class is initialized
2025-03-26 21:53:16,402 - INFO - Creating 4-grams...
2025-03-26 21:53:16,403 - INFO - 4-grams created with 132 unique 4-grams
