2025-03-26 21:56:04,649 - INFO - Reading text from file: D:/Projects/SvetlanaDmitrievna/lab3_ii/texts/test_text.txt
2025-03-26 21:56:04,658 - INFO - Successfully read 190 chars from file.
2025-03-26 21:56:04,658 - INFO - Text is initializing...
2025-03-26 21:56:04,661 - INFO - Detected language: russian
2025-03-26 21:56:04,662 - INFO - Text is initialized with parameters: delete_punctuation_mode=string, text_normalization_method=lemma
2025-03-26 21:56:04,663 - INFO - Text has been converted to lower case.
2025-03-26 21:56:04,663 - INFO - Converting numbers to words...
2025-03-26 21:56:04,664 - INFO - Numbers have been converted to words.
2025-03-26 21:56:04,665 - INFO - Punctuation are being deleting...
2025-03-26 21:56:04,666 - INFO - Punctuation has been deleted.
2025-03-26 21:56:04,667 - INFO - Correction of typos initiated...
2025-03-26 21:56:06,279 - INFO - Corrected 0 typos using Yandex.Speller
2025-03-26 21:56:06,279 - INFO - Stop words are being removed...
2025-03-26 21:56:06,287 - INFO - Stop words have been removed.
2025-03-26 21:56:06,287 - INFO - Lemmatizaion is being performed...
2025-03-26 21:56:23,010 - INFO - Lemmatization has been performed.
2025-03-26 21:56:23,010 - INFO - Text preprocessing is done!
2025-03-26 21:56:23,016 - INFO - Transmitted preprocessed text with 224 chars.
2025-03-26 21:56:23,017 - INFO - Text successfully was written to D:/Projects/SvetlanaDmitrievna/lab3_ii/texts/output_russian.txt
2025-03-26 21:56:23,024 - INFO - BagOfWords class is initialized
2025-03-26 21:56:23,025 - INFO - Creating bag of words using sklearn...
2025-03-26 21:56:23,028 - INFO - Bag of words created with 28 unique words using sklearn
2025-03-26 21:56:23,028 - INFO - NGrams class is initialized
2025-03-26 21:56:23,029 - INFO - Creating 2-grams...
2025-03-26 21:56:23,029 - INFO - 2-grams created with 29 unique 2-grams
2025-03-26 21:56:23,030 - INFO - NGrams class is initialized
2025-03-26 21:56:23,030 - INFO - Creating 4-grams...
2025-03-26 21:56:23,031 - INFO - 4-grams created with 27 unique 4-grams
2025-03-26 21:56:23,037 - INFO - Reading text from file: D:/Projects/SvetlanaDmitrievna/lab3_ii/texts/english_text.txt
2025-03-26 21:56:23,038 - INFO - Successfully read 859 chars from file.
2025-03-26 21:56:23,039 - INFO - Text is initializing...
2025-03-26 21:56:23,044 - INFO - Detected language: english
2025-03-26 21:56:23,045 - INFO - Text is initialized with parameters: delete_punctuation_mode=string, text_normalization_method=lemma
2025-03-26 21:56:23,045 - INFO - Text has been converted to lower case.
2025-03-26 21:56:23,046 - INFO - Converting numbers to words...
2025-03-26 21:56:23,047 - INFO - Numbers have been converted to words.
2025-03-26 21:56:23,047 - INFO - Punctuation are being deleting...
2025-03-26 21:56:23,048 - INFO - Punctuation has been deleted.
2025-03-26 21:56:23,048 - INFO - Correction of typos initiated...
2025-03-26 21:56:23,652 - INFO - Correction of typos initiated done with 135 corrected words.
2025-03-26 21:56:23,655 - INFO - Stop words are being removed...
2025-03-26 21:56:23,658 - INFO - Stop words have been removed.
2025-03-26 21:56:23,659 - INFO - Lemmatizaion is being performed...
2025-03-26 21:56:25,965 - INFO - Lemmatization has been performed.
2025-03-26 21:56:25,967 - INFO - Text preprocessing is done!
2025-03-26 21:56:25,973 - INFO - Transmitted preprocessed text with 841 chars.
2025-03-26 21:56:25,974 - INFO - Text successfully was written to D:/Projects/SvetlanaDmitrievna/lab3_ii/texts/english_text.txt
2025-03-26 21:56:25,981 - INFO - BagOfWords class is initialized
2025-03-26 21:56:25,982 - INFO - Creating bag of words using sklearn...
2025-03-26 21:56:25,984 - INFO - Bag of words created with 119 unique words using sklearn
2025-03-26 21:56:25,985 - INFO - NGrams class is initialized
2025-03-26 21:56:25,986 - INFO - Creating 2-grams...
2025-03-26 21:56:25,987 - INFO - 2-grams created with 133 unique 2-grams
2025-03-26 21:56:25,987 - INFO - NGrams class is initialized
2025-03-26 21:56:25,988 - INFO - Creating 4-grams...
2025-03-26 21:56:25,988 - INFO - 4-grams created with 131 unique 4-grams
