2025-03-26 21:51:12,794 - INFO - Reading text from file: D:/Projects/SvetlanaDmitrievna/lab3_ii/texts/test_text.txt
2025-03-26 21:51:12,796 - INFO - Successfully read 29 chars from file.
2025-03-26 21:51:12,797 - INFO - Text is initializing...
2025-03-26 21:51:12,799 - INFO - Detected language: russian
2025-03-26 21:51:12,800 - INFO - Text is initialized with parameters: delete_punctuation_mode=string, text_normalization_method=lemma
2025-03-26 21:51:12,801 - INFO - Text has been converted to lower case.
2025-03-26 21:51:12,801 - INFO - Converting numbers to words...
2025-03-26 21:51:12,802 - INFO - Numbers have been converted to words.
2025-03-26 21:51:12,803 - INFO - Punctuation are being deleting...
2025-03-26 21:51:12,805 - INFO - Punctuation has been deleted.
2025-03-26 21:51:12,806 - INFO - Correction of typos initiated...
2025-03-26 21:51:12,977 - INFO - Correction of typos initiated done with 10 corrected words.
2025-03-26 21:51:12,978 - INFO - Text preprocessing is done!
2025-03-26 21:51:12,984 - INFO - Transmitted preprocessed text with 62 chars.
2025-03-26 21:51:12,985 - INFO - Text successfully was written to D:/Projects/SvetlanaDmitrievna/lab3_ii/texts/output_russian.txt
2025-03-26 21:51:12,994 - INFO - BagOfWords class is initialized
2025-03-26 21:51:12,994 - INFO - Creating bag of words using sklearn...
2025-03-26 21:51:12,996 - INFO - Bag of words created with 9 unique words using sklearn
2025-03-26 21:51:12,996 - INFO - NGrams class is initialized
2025-03-26 21:51:12,997 - INFO - Creating 2-grams...
2025-03-26 21:51:12,998 - INFO - 2-grams created with 9 unique 2-grams
2025-03-26 21:51:12,998 - INFO - NGrams class is initialized
2025-03-26 21:51:12,999 - INFO - Creating 4-grams...
2025-03-26 21:51:12,999 - INFO - 4-grams created with 7 unique 4-grams
2025-03-26 21:51:13,006 - INFO - Reading text from file: D:/Projects/SvetlanaDmitrievna/lab3_ii/texts/english_text.txt
2025-03-26 21:51:13,007 - INFO - Successfully read 857 chars from file.
2025-03-26 21:51:13,008 - INFO - Text is initializing...
2025-03-26 21:51:13,013 - INFO - Detected language: english
2025-03-26 21:51:13,014 - INFO - Text is initialized with parameters: delete_punctuation_mode=string, text_normalization_method=lemma
2025-03-26 21:51:13,014 - INFO - Text has been converted to lower case.
2025-03-26 21:51:13,015 - INFO - Converting numbers to words...
2025-03-26 21:51:13,015 - INFO - Numbers have been converted to words.
2025-03-26 21:51:13,016 - INFO - Punctuation are being deleting...
2025-03-26 21:51:13,016 - INFO - Punctuation has been deleted.
2025-03-26 21:51:13,017 - INFO - Correction of typos initiated...
2025-03-26 21:51:13,624 - INFO - Correction of typos initiated done with 135 corrected words.
2025-03-26 21:51:13,627 - INFO - Text preprocessing is done!
2025-03-26 21:51:13,632 - INFO - Transmitted preprocessed text with 850 chars.
2025-03-26 21:51:13,633 - INFO - Text successfully was written to D:/Projects/SvetlanaDmitrievna/lab3_ii/texts/english_text.txt
2025-03-26 21:51:13,642 - INFO - BagOfWords class is initialized
2025-03-26 21:51:13,643 - INFO - Creating bag of words using sklearn...
2025-03-26 21:51:13,645 - INFO - Bag of words created with 120 unique words using sklearn
2025-03-26 21:51:13,646 - INFO - NGrams class is initialized
2025-03-26 21:51:13,647 - INFO - Creating 2-grams...
2025-03-26 21:51:13,647 - INFO - 2-grams created with 134 unique 2-grams
2025-03-26 21:51:13,648 - INFO - NGrams class is initialized
2025-03-26 21:51:13,649 - INFO - Creating 4-grams...
2025-03-26 21:51:13,649 - INFO - 4-grams created with 132 unique 4-grams
